0 info it worked if it ends with ok
1 verbose cli [ '/Users/tawopetu/.nvm/versions/node/v6.17.1/bin/node',
1 verbose cli   '/Users/tawopetu/.nvm/versions/node/v6.17.1/bin/npm',
1 verbose cli   'run',
1 verbose cli   'dev:js' ]
2 info using npm@3.10.10
3 info using node@v6.17.1
4 verbose run-script [ 'predev:js', 'dev:js', 'postdev:js' ]
5 info lifecycle @penskemediacorp/pmc-larva@1.0.0~predev:js: @penskemediacorp/pmc-larva@1.0.0
6 silly lifecycle @penskemediacorp/pmc-larva@1.0.0~predev:js: no script for predev:js, continuing
7 info lifecycle @penskemediacorp/pmc-larva@1.0.0~dev:js: @penskemediacorp/pmc-larva@1.0.0
8 verbose lifecycle @penskemediacorp/pmc-larva@1.0.0~dev:js: unsafe-perm in lifecycle true
9 verbose lifecycle @penskemediacorp/pmc-larva@1.0.0~dev:js: PATH: /Users/tawopetu/.nvm/versions/node/v6.17.1/lib/node_modules/npm/bin/node-gyp-bin:/Users/tawopetu/git/pmc-larva/node_modules/.bin:/Users/tawopetu/.nvm/versions/node/v6.17.1/lib/node_modules/npm/bin/node-gyp-bin:/Users/tawopetu/git/pmc-larva/node_modules/.bin:/Users/tawopetu/.nvm/versions/node/v6.17.1/bin:/usr/local/bin:/usr/bin:/bin:/usr/sbin:/sbin
10 verbose lifecycle @penskemediacorp/pmc-larva@1.0.0~dev:js: CWD: /Users/tawopetu/git/pmc-larva
11 silly lifecycle @penskemediacorp/pmc-larva@1.0.0~dev:js: Args: [ '-c', 'packages/larva/bin/larva.js dev-js' ]
12 silly lifecycle @penskemediacorp/pmc-larva@1.0.0~dev:js: Returned: code: 1  signal: null
13 info lifecycle @penskemediacorp/pmc-larva@1.0.0~dev:js: Failed to exec dev:js script
14 verbose stack Error: @penskemediacorp/pmc-larva@1.0.0 dev:js: `packages/larva/bin/larva.js dev-js`
14 verbose stack Exit status 1
14 verbose stack     at EventEmitter.<anonymous> (/Users/tawopetu/.nvm/versions/node/v6.17.1/lib/node_modules/npm/lib/utils/lifecycle.js:255:16)
14 verbose stack     at emitTwo (events.js:106:13)
14 verbose stack     at EventEmitter.emit (events.js:191:7)
14 verbose stack     at ChildProcess.<anonymous> (/Users/tawopetu/.nvm/versions/node/v6.17.1/lib/node_modules/npm/lib/utils/spawn.js:40:14)
14 verbose stack     at emitTwo (events.js:106:13)
14 verbose stack     at ChildProcess.emit (events.js:191:7)
14 verbose stack     at maybeClose (internal/child_process.js:920:16)
14 verbose stack     at Process.ChildProcess._handle.onexit (internal/child_process.js:230:5)
15 verbose pkgid @penskemediacorp/pmc-larva@1.0.0
16 verbose cwd /Users/tawopetu/git/pmc-larva
17 error Darwin 19.6.0
18 error argv "/Users/tawopetu/.nvm/versions/node/v6.17.1/bin/node" "/Users/tawopetu/.nvm/versions/node/v6.17.1/bin/npm" "run" "dev:js"
19 error node v6.17.1
20 error npm  v3.10.10
21 error code ELIFECYCLE
22 error @penskemediacorp/pmc-larva@1.0.0 dev:js: `packages/larva/bin/larva.js dev-js`
22 error Exit status 1
23 error Failed at the @penskemediacorp/pmc-larva@1.0.0 dev:js script 'packages/larva/bin/larva.js dev-js'.
23 error Make sure you have the latest version of node.js and npm installed.
23 error If you do, this is most likely a problem with the @penskemediacorp/pmc-larva package,
23 error not with npm itself.
23 error Tell the author that this fails on your system:
23 error     packages/larva/bin/larva.js dev-js
23 error You can get information on how to open an issue for this project with:
23 error     npm bugs @penskemediacorp/pmc-larva
23 error Or if that isn't available, you can get their info via:
23 error     npm owner ls @penskemediacorp/pmc-larva
23 error There is likely additional logging output above.
24 verbose exit [ 1, true ]
